<?xml version="1.0" encoding="UTF-8"?>
<!-- Generated by org.testng.reporters.JUnitReportReporter -->
<testsuite skipped="0" hostname="DESKTOP-R1TG5S3" name="com.frameworkdevelopment.TestNgAssertions" tests="2" failures="0" timestamp="2019-12-29T08:00:42 IST" time="2.667" errors="0">
  <testcase name="validateLandingPageText" time="0.437" classname="com.frameworkdevelopment.TestNgAssertions"/>
  <testcase name="validateText" time="2.230" classname="com.frameworkdevelopment.TestNgAssertions"/>
</testsuite> <!-- com.frameworkdevelopment.TestNgAssertions -->
