<?xml version="1.0" encoding="UTF-8"?>
<!-- Generated by org.testng.reporters.JUnitReportReporter -->
<testsuite skipped="0" hostname="DESKTOP-R1TG5S3" name="com.frameworkdevelopment.HomePage" tests="2" failures="0" timestamp="2019-12-29T08:00:42 IST" time="50.007" errors="0">
  <testcase name="basePageNavigation" time="16.788" classname="com.frameworkdevelopment.HomePage"/>
  <testcase name="basePageNavigation" time="33.219" classname="com.frameworkdevelopment.HomePage"/>
</testsuite> <!-- com.frameworkdevelopment.HomePage -->
