<?xml version="1.0" encoding="UTF-8"?>
<!-- Generated by org.testng.reporters.JUnitReportReporter -->
<testsuite skipped="0" hostname="DESKTOP-R1TG5S3" name="com.frameworkdevelopment.LandingPageAssertion" tests="1" failures="0" timestamp="2019-12-29T08:00:42 IST" time="0.268" errors="0">
  <testcase name="landingPageValidattion" time="0.268" classname="com.frameworkdevelopment.LandingPageAssertion"/>
</testsuite> <!-- com.frameworkdevelopment.LandingPageAssertion -->
