<?xml version="1.0" encoding="UTF-8"?>
<!-- Generated by org.testng.reporters.JUnitReportReporter -->
<testsuite skipped="0" hostname="DESKTOP-R1TG5S3" name="GlobalEnvVariables.GlobalEnvVariables" tests="1" failures="0" timestamp="2019-12-20T22:13:46 IST" time="21.119" errors="0">
  <testcase name="dataFromPropFile" time="21.119" classname="GlobalEnvVariables.GlobalEnvVariables"/>
</testsuite> <!-- GlobalEnvVariables.GlobalEnvVariables -->
