<?xml version="1.0" encoding="UTF-8"?>
<!-- Generated by org.testng.reporters.JUnitReportReporter -->
<testsuite skipped="0" hostname="DESKTOP-R1TG5S3" name="TestNGPractise.testNg" tests="5" failures="0" timestamp="2019-12-19T22:24:35 IST" time="0.042" errors="0">
  <testcase name="groupsConcept" time="0.005" classname="TestNGPractise.testNg"/>
  <testcase name="groupsConcept" time="0.005" classname="TestNGPractise.testNg"/>
  <testcase name="demo1" time="0.019" classname="TestNGPractise.testNg"/>
  <testcase name="groupsConcept" time="0.004" classname="TestNGPractise.testNg"/>
  <testcase name="demo2" time="0.009" classname="TestNGPractise.testNg"/>
</testsuite> <!-- TestNGPractise.testNg -->
