<?xml version="1.0" encoding="UTF-8"?>
<!-- Generated by org.testng.reporters.JUnitReportReporter -->
<testsuite skipped="1" hostname="DESKTOP-R1TG5S3" name="TestNGPractise.testNg2" tests="2" failures="0" timestamp="2019-12-19T22:24:35 IST" time="0.010" errors="0">
  <testcase name="demo3" time="0.010" classname="TestNGPractise.testNg2"/>
  <testcase name="demo" classname="TestNGPractise.testNg2">
    <skipped/>
  </testcase> <!-- demo -->
</testsuite> <!-- TestNGPractise.testNg2 -->
