<?xml version="1.0" encoding="UTF-8"?>
<!-- Generated by org.testng.reporters.JUnitReportReporter -->
<testsuite skipped="0" hostname="DESKTOP-R1TG5S3" name="GlobalEnvVariables.InheritenceCallLoginMethod" tests="2" failures="0" timestamp="2019-12-20T09:07:04 IST" time="23.951" errors="0">
  <testcase name="dataFromPropFile" time="15.738" classname="GlobalEnvVariables.InheritenceCallLoginMethod"/>
  <testcase name="testReusableCom" time="8.213" classname="GlobalEnvVariables.InheritenceCallLoginMethod"/>
</testsuite> <!-- GlobalEnvVariables.InheritenceCallLoginMethod -->
