<?xml version="1.0" encoding="UTF-8"?>
<!-- Generated by org.testng.reporters.JUnitReportReporter -->
<testsuite skipped="0" hostname="DESKTOP-R1TG5S3" name="testrunner.TestRunner" tests="2" failures="0" timestamp="2019-12-29T09:12:48 IST" time="97.499" errors="0">
  <testcase name="runScenario" time="59.537" classname="testrunner.TestRunner"/>
  <testcase name="runScenario" time="37.962" classname="testrunner.TestRunner"/>
</testsuite> <!-- testrunner.TestRunner -->
