<?xml version="1.0" encoding="UTF-8"?>
<!-- Generated by org.testng.reporters.JUnitReportReporter -->
<testsuite skipped="0" hostname="DESKTOP-R1TG5S3" name="MavenPractise.AppiumTest" tests="1" failures="0" timestamp="2019-12-21T12:23:44 IST" time="0.016" errors="0">
  <testcase name="appiumTest" time="0.016" classname="MavenPractise.AppiumTest"/>
</testsuite> <!-- MavenPractise.AppiumTest -->
