<?xml version="1.0" encoding="UTF-8"?>
<!-- Generated by org.testng.reporters.JUnitReportReporter -->
<testsuite skipped="0" hostname="DESKTOP-R1TG5S3" name="MavenPractise.SeleniumTest" tests="1" failures="0" timestamp="2019-12-21T12:23:20 IST" time="0.000" errors="0">
  <testcase name="seleniumTest" time="0.000" classname="MavenPractise.SeleniumTest"/>
</testsuite> <!-- MavenPractise.SeleniumTest -->
